2025-02-12 20:30:21,170 CRIT Supervisor is running as root.  Privileges were not dropped because no user is specified in the config file.  If you intend to run as root, you can set user=root in the config file to avoid this message.
2025-02-12 20:30:21,208 INFO supervisord started with pid 1
2025-02-12 20:30:22,213 INFO spawned: 'cron' with pid 7
2025-02-12 20:30:22,216 INFO spawned: 'php' with pid 8
2025-02-12 20:30:23,276 INFO success: cron entered RUNNING state, process has stayed up for > than 1 seconds (startsecs)
2025-02-12 20:30:23,276 INFO success: php entered RUNNING state, process has stayed up for > than 1 seconds (startsecs)
2025-02-12 21:17:01,522 INFO reaped unknown pid 625 (exit status 0)
2025-02-12 21:35:58,862 WARN received SIGQUIT indicating exit request
2025-02-12 21:35:58,863 INFO waiting for cron, php to die
2025-02-12 21:35:58,864 WARN stopped: php (terminated by SIGTERM)
2025-02-12 21:35:58,866 WARN stopped: cron (terminated by SIGTERM)
2025-02-12 21:38:03,514 CRIT Supervisor is running as root.  Privileges were not dropped because no user is specified in the config file.  If you intend to run as root, you can set user=root in the config file to avoid this message.
2025-02-12 21:38:03,568 INFO supervisord started with pid 1
2025-02-12 21:38:04,572 INFO spawned: 'cron' with pid 7
2025-02-12 21:38:04,575 INFO spawned: 'php' with pid 8
2025-02-12 21:38:05,599 INFO success: cron entered RUNNING state, process has stayed up for > than 1 seconds (startsecs)
2025-02-12 21:38:05,600 INFO success: php entered RUNNING state, process has stayed up for > than 1 seconds (startsecs)
2025-02-12 21:45:06,094 WARN received SIGQUIT indicating exit request
2025-02-12 21:45:06,095 INFO waiting for cron, php to die
2025-02-12 21:45:06,096 WARN stopped: php (terminated by SIGTERM)
2025-02-12 21:45:07,098 WARN stopped: cron (terminated by SIGTERM)
2025-02-12 21:47:44,297 CRIT Supervisor is running as root.  Privileges were not dropped because no user is specified in the config file.  If you intend to run as root, you can set user=root in the config file to avoid this message.
2025-02-12 21:47:44,302 INFO supervisord started with pid 1
2025-02-12 21:47:45,306 INFO spawned: 'cron' with pid 7
2025-02-12 21:47:45,308 INFO spawned: 'php' with pid 8
2025-02-12 21:47:46,333 INFO success: cron entered RUNNING state, process has stayed up for > than 1 seconds (startsecs)
2025-02-12 21:47:46,334 INFO success: php entered RUNNING state, process has stayed up for > than 1 seconds (startsecs)
2025-02-12 21:59:26,138 WARN received SIGQUIT indicating exit request
2025-02-12 21:59:26,138 INFO waiting for cron, php to die
2025-02-12 21:59:26,140 WARN stopped: php (terminated by SIGTERM)
2025-02-12 21:59:26,142 WARN stopped: cron (terminated by SIGTERM)
2025-02-12 22:01:21,267 CRIT Supervisor is running as root.  Privileges were not dropped because no user is specified in the config file.  If you intend to run as root, you can set user=root in the config file to avoid this message.
2025-02-12 22:01:21,305 INFO supervisord started with pid 1
2025-02-12 22:01:22,309 INFO spawned: 'cron' with pid 7
2025-02-12 22:01:22,314 INFO spawned: 'php' with pid 8
2025-02-12 22:01:23,344 INFO success: cron entered RUNNING state, process has stayed up for > than 1 seconds (startsecs)
2025-02-12 22:01:23,345 INFO success: php entered RUNNING state, process has stayed up for > than 1 seconds (startsecs)
2025-02-12 22:05:27,627 WARN received SIGQUIT indicating exit request
2025-02-12 22:05:27,628 INFO waiting for cron, php to die
2025-02-12 22:05:27,629 WARN stopped: php (terminated by SIGTERM)
2025-02-12 22:05:27,631 WARN stopped: cron (terminated by SIGTERM)
2025-02-12 22:07:23,258 CRIT Supervisor is running as root.  Privileges were not dropped because no user is specified in the config file.  If you intend to run as root, you can set user=root in the config file to avoid this message.
2025-02-12 22:07:23,264 INFO supervisord started with pid 1
2025-02-12 22:07:24,269 INFO spawned: 'cron' with pid 8
2025-02-12 22:07:24,273 INFO spawned: 'php' with pid 9
2025-02-12 22:07:25,315 INFO success: cron entered RUNNING state, process has stayed up for > than 1 seconds (startsecs)
2025-02-12 22:07:25,316 INFO success: php entered RUNNING state, process has stayed up for > than 1 seconds (startsecs)
2025-02-12 22:17:01,996 INFO reaped unknown pid 228 (exit status 0)
2025-02-12 22:30:06,842 INFO reaped unknown pid 307 (terminated by SIGINT)
2025-02-12 22:30:06,843 INFO reaped unknown pid 308 (terminated by SIGHUP)
2025-02-12 22:30:06,844 INFO reaped unknown pid 306 (terminated by SIGINT)
2025-02-12 22:30:06,845 INFO reaped unknown pid 309 (terminated by SIGHUP)
2025-02-12 22:31:31,938 WARN received SIGQUIT indicating exit request
2025-02-12 22:31:31,939 INFO waiting for cron, php to die
2025-02-12 22:31:31,940 WARN stopped: php (terminated by SIGTERM)
2025-02-12 22:31:31,941 WARN stopped: cron (terminated by SIGTERM)
2025-02-12 22:31:49,419 CRIT Supervisor is running as root.  Privileges were not dropped because no user is specified in the config file.  If you intend to run as root, you can set user=root in the config file to avoid this message.
2025-02-12 22:31:49,444 INFO supervisord started with pid 1
2025-02-12 22:31:50,449 INFO spawned: 'cron' with pid 7
2025-02-12 22:31:50,454 INFO spawned: 'php' with pid 8
2025-02-12 22:31:51,504 INFO success: cron entered RUNNING state, process has stayed up for > than 1 seconds (startsecs)
2025-02-12 22:31:51,504 INFO success: php entered RUNNING state, process has stayed up for > than 1 seconds (startsecs)
2025-02-12 23:17:01,712 INFO reaped unknown pid 352 (exit status 0)
2025-02-13 00:17:02,050 INFO reaped unknown pid 671 (exit status 0)
2025-02-13 01:17:02,390 INFO reaped unknown pid 983 (exit status 0)
2025-02-13 02:17:01,599 INFO reaped unknown pid 1289 (exit status 0)
2025-02-13 03:04:33,997 INFO reaped unknown pid 1532 (terminated by SIGKILL)
2025-02-13 06:17:01,390 INFO reaped unknown pid 1632 (exit status 0)
2025-02-13 07:04:58,292 INFO reaped unknown pid 1922 (exit status 0)
2025-02-13 07:17:02,152 INFO reaped unknown pid 1991 (exit status 0)
2025-02-13 07:23:51,617 INFO reaped unknown pid 1538 (terminated by SIGKILL)
2025-02-13 07:23:51,617 INFO reaped unknown pid 1531 (terminated by SIGKILL)
2025-02-13 07:25:34,730 INFO reaped unknown pid 2050 (exit status 0)
2025-02-13 07:29:00,968 WARN received SIGQUIT indicating exit request
2025-02-13 07:29:00,969 INFO waiting for cron, php to die
2025-02-13 07:29:00,970 WARN stopped: php (terminated by SIGTERM)
2025-02-13 07:29:00,972 WARN stopped: cron (terminated by SIGTERM)
2025-02-13 07:29:03,305 CRIT Supervisor is running as root.  Privileges were not dropped because no user is specified in the config file.  If you intend to run as root, you can set user=root in the config file to avoid this message.
2025-02-13 07:29:03,314 INFO supervisord started with pid 1
2025-02-13 07:29:04,318 INFO spawned: 'cron' with pid 6
2025-02-13 07:29:04,321 INFO spawned: 'php' with pid 7
2025-02-13 07:29:05,352 INFO success: cron entered RUNNING state, process has stayed up for > than 1 seconds (startsecs)
2025-02-13 07:29:05,353 INFO success: php entered RUNNING state, process has stayed up for > than 1 seconds (startsecs)
2025-02-13 08:17:02,695 INFO reaped unknown pid 374 (exit status 0)
2025-02-13 10:17:02,636 INFO reaped unknown pid 950 (exit status 0)
2025-02-13 10:36:41,021 WARN received SIGQUIT indicating exit request
2025-02-13 10:36:41,022 INFO waiting for cron, php to die
2025-02-13 10:36:41,024 WARN stopped: php (terminated by SIGTERM)
2025-02-13 10:36:41,025 WARN stopped: cron (terminated by SIGTERM)
2025-02-13 10:36:57,740 CRIT Supervisor is running as root.  Privileges were not dropped because no user is specified in the config file.  If you intend to run as root, you can set user=root in the config file to avoid this message.
2025-02-13 10:36:57,748 INFO supervisord started with pid 1
2025-02-13 10:36:58,752 INFO spawned: 'cron' with pid 7
2025-02-13 10:36:58,760 INFO spawned: 'php' with pid 8
2025-02-13 10:36:59,824 INFO success: cron entered RUNNING state, process has stayed up for > than 1 seconds (startsecs)
2025-02-13 10:36:59,825 INFO success: php entered RUNNING state, process has stayed up for > than 1 seconds (startsecs)
2025-02-13 10:37:08,836 WARN received SIGQUIT indicating exit request
2025-02-13 10:37:08,839 INFO waiting for cron, php to die
2025-02-13 10:37:08,840 WARN stopped: php (terminated by SIGTERM)
2025-02-13 10:37:09,843 WARN stopped: cron (terminated by SIGTERM)
2025-02-13 11:45:10,767 CRIT Supervisor is running as root.  Privileges were not dropped because no user is specified in the config file.  If you intend to run as root, you can set user=root in the config file to avoid this message.
2025-02-13 11:45:10,908 INFO supervisord started with pid 1
2025-02-13 11:45:11,912 INFO spawned: 'cron' with pid 7
2025-02-13 11:45:11,952 INFO spawned: 'php' with pid 8
2025-02-13 11:45:13,065 INFO success: cron entered RUNNING state, process has stayed up for > than 1 seconds (startsecs)
2025-02-13 11:45:13,066 INFO success: php entered RUNNING state, process has stayed up for > than 1 seconds (startsecs)
2025-02-13 12:17:01,962 INFO reaped unknown pid 90 (exit status 0)
2025-02-13 14:17:01,492 INFO reaped unknown pid 163 (exit status 0)
2025-02-13 15:17:02,847 INFO reaped unknown pid 519 (exit status 0)
2025-02-13 15:26:56,541 WARN received SIGQUIT indicating exit request
2025-02-13 15:26:56,542 INFO waiting for cron, php to die
2025-02-13 15:26:56,544 WARN stopped: php (terminated by SIGTERM)
2025-02-13 15:26:56,547 WARN stopped: cron (terminated by SIGTERM)
2025-02-13 15:26:59,542 CRIT Supervisor is running as root.  Privileges were not dropped because no user is specified in the config file.  If you intend to run as root, you can set user=root in the config file to avoid this message.
2025-02-13 15:26:59,737 INFO supervisord started with pid 1
2025-02-13 15:27:00,758 INFO spawned: 'cron' with pid 8
2025-02-13 15:27:00,761 INFO spawned: 'php' with pid 9
2025-02-13 15:27:01,799 INFO success: cron entered RUNNING state, process has stayed up for > than 1 seconds (startsecs)
2025-02-13 15:27:01,800 INFO success: php entered RUNNING state, process has stayed up for > than 1 seconds (startsecs)
2025-02-13 16:17:02,175 INFO reaped unknown pid 284 (exit status 0)
2025-02-13 16:19:08,318 WARN received SIGQUIT indicating exit request
2025-02-13 16:19:08,319 INFO waiting for cron, php to die
2025-02-13 16:19:08,320 WARN stopped: php (terminated by SIGTERM)
2025-02-13 16:19:08,519 WARN stopped: cron (terminated by SIGTERM)
2025-02-13 16:19:08,520 INFO reaped unknown pid 300 (exit status 0)
2025-02-13 16:19:10,932 CRIT Supervisor is running as root.  Privileges were not dropped because no user is specified in the config file.  If you intend to run as root, you can set user=root in the config file to avoid this message.
2025-02-13 16:19:10,948 INFO supervisord started with pid 1
2025-02-13 16:19:11,952 INFO spawned: 'cron' with pid 7
2025-02-13 16:19:11,956 INFO spawned: 'php' with pid 8
2025-02-13 16:19:12,984 INFO success: cron entered RUNNING state, process has stayed up for > than 1 seconds (startsecs)
2025-02-13 16:19:12,985 INFO success: php entered RUNNING state, process has stayed up for > than 1 seconds (startsecs)
2025-02-13 17:17:01,547 INFO reaped unknown pid 388 (exit status 0)
2025-02-13 18:17:01,578 INFO reaped unknown pid 694 (exit status 0)
2025-02-13 19:17:01,885 INFO reaped unknown pid 1000 (exit status 0)
2025-02-13 20:17:02,048 INFO reaped unknown pid 1306 (exit status 0)
2025-02-13 21:17:02,463 INFO reaped unknown pid 1612 (exit status 0)
2025-02-13 22:17:01,867 INFO reaped unknown pid 1918 (exit status 0)
2025-02-13 23:17:01,282 INFO reaped unknown pid 2224 (exit status 0)
2025-02-14 13:42:15,746 CRIT Supervisor is running as root.  Privileges were not dropped because no user is specified in the config file.  If you intend to run as root, you can set user=root in the config file to avoid this message.
2025-02-14 13:42:15,798 INFO supervisord started with pid 1
2025-02-14 13:42:16,801 INFO spawned: 'cron' with pid 7
2025-02-14 13:42:16,806 INFO spawned: 'php' with pid 8
2025-02-14 13:42:17,971 INFO success: cron entered RUNNING state, process has stayed up for > than 1 seconds (startsecs)
2025-02-14 13:42:17,999 INFO success: php entered RUNNING state, process has stayed up for > than 1 seconds (startsecs)
2025-02-14 14:17:02,539 INFO reaped unknown pid 185 (exit status 0)
2025-02-14 15:17:02,208 INFO reaped unknown pid 495 (exit status 0)
2025-02-14 16:17:02,376 INFO reaped unknown pid 801 (exit status 0)
2025-02-14 17:17:01,606 INFO reaped unknown pid 1107 (exit status 0)
2025-02-14 18:17:01,861 INFO reaped unknown pid 1413 (exit status 0)
2025-02-14 18:31:47,910 WARN received SIGQUIT indicating exit request
2025-02-14 18:31:47,920 INFO waiting for cron, php to die
2025-02-14 18:31:47,970 WARN stopped: php (terminated by SIGTERM)
2025-02-14 18:31:48,044 WARN stopped: cron (terminated by SIGTERM)
2025-02-14 18:35:00,203 CRIT Supervisor is running as root.  Privileges were not dropped because no user is specified in the config file.  If you intend to run as root, you can set user=root in the config file to avoid this message.
2025-02-14 18:35:00,274 INFO supervisord started with pid 1
2025-02-14 18:35:01,279 INFO spawned: 'cron' with pid 8
2025-02-14 18:35:01,287 INFO spawned: 'laravel-app' with pid 9
2025-02-14 18:35:02,291 INFO success: cron entered RUNNING state, process has stayed up for > than 1 seconds (startsecs)
2025-02-14 18:35:02,291 INFO success: laravel-app entered RUNNING state, process has stayed up for > than 1 seconds (startsecs)
2025-02-14 18:57:43,405 INFO reaped unknown pid 190 (terminated by SIGKILL)
2025-02-14 18:58:51,486 INFO reaped unknown pid 191 (terminated by SIGINT)
2025-02-14 18:58:51,487 INFO reaped unknown pid 192 (terminated by SIGINT)
2025-02-14 18:58:51,488 INFO reaped unknown pid 189 (terminated by SIGKILL)
2025-02-14 18:58:55,494 INFO reaped unknown pid 193 (terminated by SIGINT)
2025-02-14 18:59:13,512 INFO reaped unknown pid 210 (terminated by SIGKILL)
2025-02-14 18:59:14,513 INFO reaped unknown pid 211 (terminated by SIGKILL)
2025-02-14 19:07:47,094 INFO reaped unknown pid 214 (terminated by SIGKILL)
2025-02-14 19:07:47,095 INFO reaped unknown pid 209 (terminated by SIGKILL)
2025-02-14 19:07:54,104 WARN received SIGQUIT indicating exit request
2025-02-14 19:07:54,105 INFO waiting for cron, laravel-app to die
2025-02-14 19:07:55,111 INFO stopped: laravel-app (exit status 0)
2025-02-14 19:07:55,112 WARN stopped: cron (terminated by SIGTERM)
2025-02-14 19:10:25,363 CRIT Supervisor is running as root.  Privileges were not dropped because no user is specified in the config file.  If you intend to run as root, you can set user=root in the config file to avoid this message.
2025-02-14 19:10:25,371 INFO supervisord started with pid 1
2025-02-14 19:10:26,375 INFO spawned: 'cron' with pid 7
2025-02-14 19:10:26,379 INFO spawned: 'laravel-app' with pid 8
2025-02-14 19:10:27,381 INFO success: cron entered RUNNING state, process has stayed up for > than 1 seconds (startsecs)
2025-02-14 19:10:27,383 INFO success: laravel-app entered RUNNING state, process has stayed up for > than 1 seconds (startsecs)
2025-02-14 19:27:54,201 INFO reaped unknown pid 132 (terminated by SIGKILL)
2025-02-14 19:28:09,218 INFO reaped unknown pid 133 (terminated by SIGKILL)
2025-02-14 19:28:09,220 INFO reaped unknown pid 136 (terminated by SIGKILL)
2025-02-14 19:28:19,233 INFO reaped unknown pid 140 (terminated by SIGKILL)
2025-02-14 19:28:19,234 INFO reaped unknown pid 143 (terminated by SIGKILL)
2025-02-14 19:28:29,246 INFO reaped unknown pid 146 (terminated by SIGKILL)
2025-02-14 19:28:29,252 INFO reaped unknown pid 149 (terminated by SIGKILL)
2025-02-14 19:29:02,291 INFO reaped unknown pid 150 (terminated by SIGKILL)
2025-02-14 19:29:02,292 INFO reaped unknown pid 153 (terminated by SIGKILL)
2025-02-14 19:31:40,479 INFO reaped unknown pid 154 (terminated by SIGKILL)
2025-02-14 19:31:40,480 INFO reaped unknown pid 157 (terminated by SIGKILL)
2025-02-14 19:31:59,504 INFO reaped unknown pid 173 (terminated by SIGKILL)
2025-02-14 19:32:44,555 INFO reaped unknown pid 174 (terminated by SIGKILL)
2025-02-14 19:32:52,565 INFO reaped unknown pid 178 (terminated by SIGKILL)
2025-02-14 19:32:58,574 INFO reaped unknown pid 184 (terminated by SIGKILL)
2025-02-14 19:33:06,582 INFO reaped unknown pid 185 (terminated by SIGKILL)
2025-02-14 19:33:19,600 INFO reaped unknown pid 188 (terminated by SIGKILL)
2025-02-14 19:36:12,803 INFO reaped unknown pid 194 (terminated by SIGKILL)
2025-02-14 19:36:13,858 INFO reaped unknown pid 199 (terminated by SIGKILL)
2025-02-14 19:36:13,859 INFO reaped unknown pid 215 (terminated by SIGKILL)
2025-02-14 19:36:13,860 INFO reaped unknown pid 216 (terminated by SIGKILL)
2025-02-14 19:36:13,860 INFO reaped unknown pid 217 (terminated by SIGKILL)
2025-02-14 19:36:13,861 INFO reaped unknown pid 218 (terminated by SIGKILL)
2025-02-14 19:36:13,861 INFO reaped unknown pid 219 (terminated by SIGKILL)
2025-02-14 19:36:13,861 INFO reaped unknown pid 220 (terminated by SIGKILL)
2025-02-14 19:36:13,862 INFO reaped unknown pid 221 (terminated by SIGKILL)
2025-02-14 19:36:13,862 INFO reaped unknown pid 222 (terminated by SIGKILL)
2025-02-14 19:36:13,863 INFO reaped unknown pid 223 (terminated by SIGKILL)
2025-02-14 19:36:13,864 INFO reaped unknown pid 224 (terminated by SIGKILL)
2025-02-14 19:36:13,866 INFO reaped unknown pid 225 (terminated by SIGKILL)
2025-02-14 19:36:13,867 INFO reaped unknown pid 226 (terminated by SIGKILL)
2025-02-14 19:36:13,868 INFO reaped unknown pid 227 (terminated by SIGKILL)
2025-02-14 19:36:13,868 INFO reaped unknown pid 228 (terminated by SIGKILL)
2025-02-14 19:36:13,869 INFO reaped unknown pid 230 (terminated by SIGKILL)
2025-02-14 19:36:13,870 INFO reaped unknown pid 231 (terminated by SIGKILL)
2025-02-14 19:36:13,870 INFO reaped unknown pid 232 (terminated by SIGKILL)
2025-02-14 19:36:13,871 INFO reaped unknown pid 229 (terminated by SIGKILL)
2025-02-14 19:36:13,874 INFO reaped unknown pid 233 (terminated by SIGKILL)
2025-02-14 19:36:13,875 INFO reaped unknown pid 234 (terminated by SIGKILL)
2025-02-14 19:36:13,875 INFO reaped unknown pid 235 (terminated by SIGKILL)
2025-02-14 19:36:13,876 INFO reaped unknown pid 236 (terminated by SIGKILL)
2025-02-14 19:36:13,878 INFO reaped unknown pid 237 (terminated by SIGKILL)
2025-02-14 19:36:13,879 INFO reaped unknown pid 238 (terminated by SIGKILL)
2025-02-14 19:36:13,879 INFO reaped unknown pid 239 (terminated by SIGKILL)
2025-02-14 19:36:13,879 INFO reaped unknown pid 240 (terminated by SIGKILL)
2025-02-14 19:36:13,880 INFO reaped unknown pid 241 (terminated by SIGKILL)
2025-02-14 19:36:13,882 INFO reaped unknown pid 242 (terminated by SIGKILL)
2025-02-14 19:36:13,883 INFO reaped unknown pid 243 (terminated by SIGKILL)
2025-02-14 19:36:13,885 INFO reaped unknown pid 244 (terminated by SIGKILL)
2025-02-14 19:36:13,885 INFO reaped unknown pid 245 (terminated by SIGKILL)
2025-02-14 19:36:13,886 INFO reaped unknown pid 246 (terminated by SIGKILL)
2025-02-14 19:36:13,886 INFO reaped unknown pid 248 (terminated by SIGKILL)
2025-02-14 19:36:13,887 INFO reaped unknown pid 247 (terminated by SIGKILL)
2025-02-14 19:36:13,889 INFO reaped unknown pid 249 (terminated by SIGKILL)
2025-02-14 19:36:13,889 INFO reaped unknown pid 250 (terminated by SIGKILL)
2025-02-14 19:36:13,890 INFO reaped unknown pid 251 (terminated by SIGKILL)
2025-02-14 19:36:13,894 INFO reaped unknown pid 252 (terminated by SIGKILL)
2025-02-14 19:36:13,896 INFO reaped unknown pid 253 (terminated by SIGKILL)
2025-02-14 19:36:13,897 INFO reaped unknown pid 254 (terminated by SIGKILL)
2025-02-14 19:36:13,899 INFO reaped unknown pid 255 (terminated by SIGKILL)
2025-02-14 19:36:13,900 INFO reaped unknown pid 256 (terminated by SIGKILL)
2025-02-14 19:36:13,901 INFO reaped unknown pid 257 (terminated by SIGKILL)
2025-02-14 19:36:13,903 INFO reaped unknown pid 258 (terminated by SIGKILL)
2025-02-14 19:36:13,904 INFO reaped unknown pid 259 (terminated by SIGKILL)
2025-02-14 19:36:13,905 INFO reaped unknown pid 260 (terminated by SIGKILL)
2025-02-14 19:36:13,906 INFO reaped unknown pid 261 (terminated by SIGKILL)
2025-02-14 19:36:13,909 INFO reaped unknown pid 262 (terminated by SIGKILL)
2025-02-14 19:36:13,913 INFO reaped unknown pid 263 (terminated by SIGKILL)
2025-02-14 19:36:13,914 INFO reaped unknown pid 264 (terminated by SIGKILL)
2025-02-14 19:36:13,914 INFO reaped unknown pid 265 (terminated by SIGKILL)
2025-02-14 19:36:13,915 INFO reaped unknown pid 266 (terminated by SIGKILL)
2025-02-14 19:36:13,915 INFO reaped unknown pid 267 (terminated by SIGKILL)
2025-02-14 19:36:13,915 INFO reaped unknown pid 268 (terminated by SIGKILL)
2025-02-14 19:36:13,918 INFO reaped unknown pid 269 (terminated by SIGKILL)
2025-02-14 19:36:13,921 INFO reaped unknown pid 270 (terminated by SIGKILL)
2025-02-14 19:36:13,922 INFO reaped unknown pid 271 (terminated by SIGKILL)
2025-02-14 19:36:13,923 INFO reaped unknown pid 272 (terminated by SIGKILL)
2025-02-14 19:36:13,924 INFO reaped unknown pid 273 (terminated by SIGKILL)
2025-02-14 19:36:13,925 INFO reaped unknown pid 274 (terminated by SIGKILL)
2025-02-14 19:36:13,926 INFO reaped unknown pid 275 (terminated by SIGKILL)
2025-02-14 19:36:13,927 INFO reaped unknown pid 276 (terminated by SIGKILL)
2025-02-14 19:36:13,927 INFO reaped unknown pid 277 (terminated by SIGKILL)
2025-02-14 19:36:13,928 INFO reaped unknown pid 278 (terminated by SIGKILL)
2025-02-14 19:36:13,929 INFO reaped unknown pid 279 (terminated by SIGKILL)
2025-02-14 19:36:13,929 INFO reaped unknown pid 280 (terminated by SIGKILL)
2025-02-14 19:36:13,930 INFO reaped unknown pid 281 (terminated by SIGKILL)
2025-02-14 19:36:13,931 INFO reaped unknown pid 282 (terminated by SIGKILL)
2025-02-14 19:36:13,933 INFO reaped unknown pid 283 (terminated by SIGKILL)
2025-02-14 19:36:13,933 INFO reaped unknown pid 284 (terminated by SIGKILL)
2025-02-14 19:36:13,934 INFO reaped unknown pid 285 (terminated by SIGKILL)
2025-02-14 19:36:13,934 INFO reaped unknown pid 286 (terminated by SIGKILL)
2025-02-14 19:36:13,935 INFO reaped unknown pid 287 (terminated by SIGKILL)
2025-02-14 19:36:13,936 INFO reaped unknown pid 288 (terminated by SIGKILL)
2025-02-14 19:36:13,937 INFO reaped unknown pid 289 (terminated by SIGKILL)
2025-02-14 19:36:13,937 INFO reaped unknown pid 290 (terminated by SIGKILL)
2025-02-14 19:36:13,938 INFO reaped unknown pid 291 (terminated by SIGKILL)
2025-02-14 19:36:13,939 INFO reaped unknown pid 292 (terminated by SIGKILL)
2025-02-14 19:36:13,940 INFO reaped unknown pid 293 (terminated by SIGKILL)
2025-02-14 19:36:13,940 INFO reaped unknown pid 294 (terminated by SIGKILL)
2025-02-14 19:36:41,975 INFO reaped unknown pid 295 (terminated by SIGKILL)
2025-02-14 19:37:09,005 INFO reaped unknown pid 296 (terminated by SIGKILL)
2025-02-14 19:37:17,016 INFO reaped unknown pid 297 (terminated by SIGKILL)
2025-02-14 19:39:32,178 INFO reaped unknown pid 303 (terminated by SIGKILL)
2025-02-14 19:39:45,194 INFO reaped unknown pid 308 (terminated by SIGKILL)
2025-02-14 20:27:47,945 INFO reaped unknown pid 319 (terminated by SIGKILL)
2025-02-14 20:27:47,946 INFO reaped unknown pid 131 (terminated by SIGKILL)
2025-02-14 21:14:56,224 INFO reaped unknown pid 810 (terminated by SIGINT)
2025-02-14 21:14:56,228 INFO reaped unknown pid 811 (terminated by SIGINT)
2025-02-14 21:14:56,229 INFO reaped unknown pid 809 (terminated by SIGKILL)
2025-02-14 21:22:16,745 INFO reaped unknown pid 812 (terminated by SIGINT)
